[debug] [2022-09-22T05:19:28.940Z] ----------------------------------------------------------------------
[debug] [2022-09-22T05:19:28.942Z] Command:       C:\Program Files\nodejs\node.exe C:\Users\Hoang\AppData\Roaming\npm\node_modules\firebase-tools\lib\bin\firebase.js init
[debug] [2022-09-22T05:19:28.943Z] CLI Version:   11.9.0
[debug] [2022-09-22T05:19:28.943Z] Platform:      win32
[debug] [2022-09-22T05:19:28.943Z] Node Version:  v18.8.0
[debug] [2022-09-22T05:19:28.944Z] Time:          Thu Sep 22 2022 12:19:28 GMT+0700 (Indochina Time)
[debug] [2022-09-22T05:19:28.945Z] ----------------------------------------------------------------------
[debug] 
[debug] [2022-09-22T05:19:28.948Z] >>> [apiv2][query] GET https://firebase-public.firebaseio.com/cli.json [none]
[debug] [2022-09-22T05:19:29.015Z] > command requires scopes: ["email","openid","https://www.googleapis.com/auth/cloudplatformprojects.readonly","https://www.googleapis.com/auth/firebase","https://www.googleapis.com/auth/cloud-platform"]
[debug] [2022-09-22T05:19:29.015Z] > authorizing via signed-in user (hoangsonytb123@gmail.com)
[info] 
     ######## #### ########  ######## ########     ###     ######  ########
     ##        ##  ##     ## ##       ##     ##  ##   ##  ##       ##
     ######    ##  ########  ######   ########  #########  ######  ######
     ##        ##  ##    ##  ##       ##     ## ##     ##       ## ##
     ##       #### ##     ## ######## ########  ##     ##  ######  ########

You're about to initialize a Firebase project in this directory:

  D:\Learn Programming\Aptech\Do an HKIV\Client\toptop-app

[debug] [2022-09-22T05:19:29.563Z] <<< [apiv2][status] GET https://firebase-public.firebaseio.com/cli.json 200
[debug] [2022-09-22T05:19:29.564Z] <<< [apiv2][body] GET https://firebase-public.firebaseio.com/cli.json {"cloudBuildErrorAfter":1594252800000,"cloudBuildWarnAfter":1590019200000,"defaultNode10After":1594252800000,"minVersion":"3.0.5","node8DeploysDisabledAfter":1613390400000,"node8RuntimeDisabledAfter":1615809600000,"node8WarnAfter":1600128000000}
